Build started 14.03.2016 11.06.52.
     1>Project "C:\Users\gas\Documents\QtCameraControl\third-party_libs\vlc-qt\win-build-debug\src\widgets\Widgets.vcxproj" on node 4 (Build target(s)).
     1>PreBuildEvent:
         setlocal
         cd C:\Users\gas\Documents\QtCameraControl\third-party_libs\vlc-qt\win-build-debug\src\widgets
         if %errorlevel% neq 0 goto :cmEnd
         C:
         if %errorlevel% neq 0 goto :cmEnd
         "C:\Program Files (x86)\CMake\bin\cmake.exe" -E cmake_autogen C:/Users/gas/Documents/QtCameraControl/third-party_libs/vlc-qt/win-build-debug/src/widgets/CMakeFiles/Widgets_automoc.dir/ Debug
         if %errorlevel% neq 0 goto :cmEnd
         :cmEnd
         endlocal & call :cmErrorLevel %errorlevel% & goto :cmDone
         :cmErrorLevel
         exit /b %1
         :cmDone
         if %errorlevel% neq 0 goto :VCEnd
         :VCEnd
       Link:
         C:\Program Files (x86)\Microsoft Visual Studio 12.0\VC\bin\x86_amd64\link.exe /ERRORREPORT:PROMPT /OUT:"C:\Users\gas\Documents\QtCameraControl\third-party_libs\vlc-qt\win-build-debug\src\widgets\Debug\VLCQtWidgets.dll" /INCREMENTAL /NOLOGO kernel32.lib user32.lib gdi32.lib winspool.lib shell32.lib ole32.lib oleaut32.lib uuid.lib comdlg32.lib advapi32.lib ..\core\VLCQtCore.lib C:\Qt\5.5\msvc2013_64\lib\Qt5Widgetsd.lib C:\Qt\5.5\msvc2013_64\lib\Qt5Guid.lib C:\Qt\5.5\msvc2013_64\lib\Qt5Cored.lib /MANIFEST /MANIFESTUAC:"level='asInvoker' uiAccess='false'" /manifest:embed /DEBUG /PDB:"C:/Users/gas/Documents/QtCameraControl/third-party_libs/vlc-qt/win-build-debug/src/widgets/Debug/VLCQtWidgets.pdb" /SUBSYSTEM:CONSOLE /TLBID:1 /DYNAMICBASE /NXCOMPAT /IMPLIB:"C:/Users/gas/Documents/QtCameraControl/third-party_libs/vlc-qt/win-build-debug/src/widgets/VLCQtWidgets.lib" /MACHINE:X64  /machine:x64 /DLL Widgets.dir\Debug\widgets.res
         Widgets.dir\Debug\ControlAudio.obj
         Widgets.dir\Debug\ControlVideo.obj
         Widgets.dir\Debug\WidgetSeek.obj
         Widgets.dir\Debug\WidgetSeekProgress.obj
         Widgets.dir\Debug\WidgetVideo.obj
         Widgets.dir\Debug\WidgetVolumeSlider.obj
         Widgets.dir\Debug\Widgets_automoc.obj
         LINK : C:\Users\gas\Documents\QtCameraControl\third-party_libs\vlc-qt\win-build-debug\src\widgets\Debug\VLCQtWidgets.dll not found or not built by the last incremental link; performing full link
            Creating library C:/Users/gas/Documents/QtCameraControl/third-party_libs/vlc-qt/win-build-debug/src/widgets/VLCQtWidgets.lib and object C:/Users/gas/Documents/QtCameraControl/third-party_libs/vlc-qt/win-build-debug/src/widgets/VLCQtWidgets.exp
         Widgets.vcxproj -> C:\Users\gas\Documents\QtCameraControl\third-party_libs\vlc-qt\win-build-debug\src\widgets\Debug\VLCQtWidgets.dll
     1>Done Building Project "C:\Users\gas\Documents\QtCameraControl\third-party_libs\vlc-qt\win-build-debug\src\widgets\Widgets.vcxproj" (Build target(s)).

Build succeeded.

Time Elapsed 00:00:01.19
