Build started 14.03.2016 11.06.51.
     1>Project "C:\Users\gas\Documents\QtCameraControl\third-party_libs\vlc-qt\win-build-debug\src\core\Core.vcxproj" on node 2 (Build target(s)).
     1>PreBuildEvent:
         setlocal
         cd C:\Users\gas\Documents\QtCameraControl\third-party_libs\vlc-qt\win-build-debug\src\core
         if %errorlevel% neq 0 goto :cmEnd
         C:
         if %errorlevel% neq 0 goto :cmEnd
         "C:\Program Files (x86)\CMake\bin\cmake.exe" -E cmake_autogen C:/Users/gas/Documents/QtCameraControl/third-party_libs/vlc-qt/win-build-debug/src/core/CMakeFiles/Core_automoc.dir/ Debug
         if %errorlevel% neq 0 goto :cmEnd
         :cmEnd
         endlocal & call :cmErrorLevel %errorlevel% & goto :cmDone
         :cmErrorLevel
         exit /b %1
         :cmDone
         if %errorlevel% neq 0 goto :VCEnd
         :VCEnd
       Link:
         Core.vcxproj -> C:\Users\gas\Documents\QtCameraControl\third-party_libs\vlc-qt\win-build-debug\src\core\Debug\VLCQtCore.dll
     1>Done Building Project "C:\Users\gas\Documents\QtCameraControl\third-party_libs\vlc-qt\win-build-debug\src\core\Core.vcxproj" (Build target(s)).

Build succeeded.

Time Elapsed 00:00:00.27
